Tue May 24 16:15:16 CEST 2016 : Server di rete Apache Derby: 10.11.1.2 - (1629631) avviato e pronto ad accettare connessioni sulla porta 1527
----------------------------------------------------------------
Tue May 24 16:20:43 CEST 2016:
Avvio della versione di Derby The Apache Software Foundation - Apache Derby - 10.11.1.2 - (1629631): istanza a816c00e-0154-e31e-9017-00000518732d
sulla directory di database C:\Users\ricca\OneDrive\Documents\NetBeansProjects\AMM\Milestones\web\WEB-INF\db\ammdb con caricatore classi sun.misc.Launcher$AppClassLoader@5e2de80c 
Caricato da file:/C:/Program%20Files/Java/jdk1.8.0_73/db/lib/derby.jar
java.vendor=Oracle Corporation
java.runtime.version=1.8.0_73-b02
user.dir=C:\Program Files\Java\jdk1.8.0_73\db
os.name=Windows 10
os.arch=amd64
os.version=10.0
derby.system.home=C:\Users\ricca\OneDrive\Documents\NetBeansProjects\AMM\Milestones\web\WEB-INF\db
Programma di caricamento classe database avviato - derby.database.classpath=''
----------------------------------------------------------------
Tue May 24 16:30:47 CEST 2016:
Arresto dell'istanza a816c00e-0154-e31e-9017-00000518732d nella directory del database C:\Users\ricca\OneDrive\Documents\NetBeansProjects\AMM\Milestones\web\WEB-INF\db\ammdb con il caricatore di classi sun.misc.Launcher$AppClassLoader@5e2de80c 
Tue May 24 16:30:47 CEST 2016 Thread[DRDAConnThread_4,5,main] (DATABASE = ammdb), (DRDAID = {118}), Chiusura del database 'ammdb'.
----------------------------------------------------------------
Tue May 24 16:31:51 CEST 2016:
Avvio della versione di Derby The Apache Software Foundation - Apache Derby - 10.11.1.2 - (1629631): istanza 070a00b0-0154-e31e-9017-00000518732d
sulla directory di database C:\Users\ricca\OneDrive\Documents\NetBeansProjects\AMM\Milestones\web\WEB-INF\db\ammdb con caricatore classi sun.misc.Launcher$AppClassLoader@5e2de80c 
Caricato da file:/C:/Program%20Files/Java/jdk1.8.0_73/db/lib/derby.jar
java.vendor=Oracle Corporation
java.runtime.version=1.8.0_73-b02
user.dir=C:\Program Files\Java\jdk1.8.0_73\db
os.name=Windows 10
os.arch=amd64
os.version=10.0
derby.system.home=C:\Users\ricca\OneDrive\Documents\NetBeansProjects\AMM\Milestones\web\WEB-INF\db
Programma di caricamento classe database avviato - derby.database.classpath=''
----------------------------------------------------------------
Tue May 24 16:32:04 CEST 2016:
Arresto dell'istanza 070a00b0-0154-e31e-9017-00000518732d nella directory del database C:\Users\ricca\OneDrive\Documents\NetBeansProjects\AMM\Milestones\web\WEB-INF\db\ammdb con il caricatore di classi sun.misc.Launcher$AppClassLoader@5e2de80c 
Tue May 24 16:32:04 CEST 2016 Thread[DRDAConnThread_2,5,main] (DATABASE = ammdb), (DRDAID = {120}), Chiusura del database 'ammdb'.
----------------------------------------------------------------
Tue May 24 16:32:19 CEST 2016:
Avvio della versione di Derby The Apache Software Foundation - Apache Derby - 10.11.1.2 - (1629631): istanza de4ec14e-0154-e31e-9017-00000518732d
sulla directory di database C:\Users\ricca\OneDrive\Documents\NetBeansProjects\AMM\Milestones\web\WEB-INF\db\ammdb con caricatore classi sun.misc.Launcher$AppClassLoader@5e2de80c 
Caricato da file:/C:/Program%20Files/Java/jdk1.8.0_73/db/lib/derby.jar
java.vendor=Oracle Corporation
java.runtime.version=1.8.0_73-b02
user.dir=C:\Program Files\Java\jdk1.8.0_73\db
os.name=Windows 10
os.arch=amd64
os.version=10.0
derby.system.home=C:\Users\ricca\OneDrive\Documents\NetBeansProjects\AMM\Milestones\web\WEB-INF\db
Programma di caricamento classe database avviato - derby.database.classpath=''
